# JRE version: Java(TM) SE Runtime Environment (8.0_144-b01) (build 1.8.0_144-b01)
# Java VM: Java HotSpot(TM) 64-Bit Server VM (25.144-b01 mixed mode linux-amd64 compressed oops)
Heap:
 par new generation   total 18432K, used 16607K [0x00000000c5200000, 0x00000000c6600000, 0x00000000ca530000)
  eden space 16384K,  94% used [0x00000000c5200000, 0x00000000c6129340, 0x00000000c6200000)
  from space 2048K,  52% used [0x00000000c6200000, 0x00000000c630e8c0, 0x00000000c6400000)
  to   space 2048K,   0% used [0x00000000c6400000, 0x00000000c6400000, 0x00000000c6600000)
 concurrent mark-sweep generation total 40960K, used 2159K [0x00000000ca530000, 0x00000000ccd30000, 0x0000000100000000)
 Metaspace       used 8170K, capacity 8362K, committed 8448K, reserved 1056768K
  class space    used 920K, capacity 995K, committed 1024K, reserved 1048576K
GC Heap History (4 events):
Event: 9.071 GC heap before
{Heap before GC invocations=0 (full 0):
 par new generation   total 18432K, used 16384K [0x00000000c5200000, 0x00000000c6600000, 0x00000000ca530000)
  eden space 16384K, 100% used [0x00000000c5200000, 0x00000000c6200000, 0x00000000c6200000)
  from space 2048K,   0% used [0x00000000c6200000, 0x00000000c6200000, 0x00000000c6400000)
  to   space 2048K,   0% used [0x00000000c6400000, 0x00000000c6400000, 0x00000000c6600000)
 concurrent mark-sweep generation total 40960K, used 0K [0x00000000ca530000, 0x00000000ccd30000, 0x0000000100000000)
 Metaspace       used 7748K, capacity 7914K, committed 8192K, reserved 1056768K
  class space    used 913K, capacity 995K, committed 1024K, reserved 1048576K
Event: 9.076 GC heap after
Heap after GC invocations=1 (full 0):
 par new generation   total 18432K, used 2048K [0x00000000c5200000, 0x00000000c6600000, 0x00000000ca530000)
  eden space 16384K,   0% used [0x00000000c5200000, 0x00000000c5200000, 0x00000000c6200000)
  from space 2048K, 100% used [0x00000000c6400000, 0x00000000c6600000, 0x00000000c6600000)
  to   space 2048K,   0% used [0x00000000c6200000, 0x00000000c6200000, 0x00000000c6400000)
 concurrent mark-sweep generation total 40960K, used 876K [0x00000000ca530000, 0x00000000ccd30000, 0x0000000100000000)
 Metaspace       used 7748K, capacity 7914K, committed 8192K, reserved 1056768K
  class space    used 913K, capacity 995K, committed 1024K, reserved 1048576K
}
Event: 23.841 GC heap before
{Heap before GC invocations=1 (full 0):
 par new generation   total 18432K, used 18432K [0x00000000c5200000, 0x00000000c6600000, 0x00000000ca530000)
  eden space 16384K, 100% used [0x00000000c5200000, 0x00000000c6200000, 0x00000000c6200000)
  from space 2048K, 100% used [0x00000000c6400000, 0x00000000c6600000, 0x00000000c6600000)
  to   space 2048K,   0% used [0x00000000c6200000, 0x00000000c6200000, 0x00000000c6400000)
 concurrent mark-sweep generation total 40960K, used 876K [0x00000000ca530000, 0x00000000ccd30000, 0x0000000100000000)
 Metaspace       used 8113K, capacity 8298K, committed 8448K, reserved 1056768K
  class space    used 920K, capacity 995K, committed 1024K, reserved 1048576K
Event: 23.861 GC heap after
Heap after GC invocations=2 (full 0):
 par new generation   total 18432K, used 1082K [0x00000000c5200000, 0x00000000c6600000, 0x00000000ca530000)
  eden space 16384K,   0% used [0x00000000c5200000, 0x00000000c5200000, 0x00000000c6200000)
  from space 2048K,  52% used [0x00000000c6200000, 0x00000000c630e8c0, 0x00000000c6400000)
  to   space 2048K,   0% used [0x00000000c6400000, 0x00000000c6400000, 0x00000000c6600000)
 concurrent mark-sweep generation total 40960K, used 2159K [0x00000000ca530000, 0x00000000ccd30000, 0x0000000100000000)
 Metaspace       used 8113K, capacity 8298K, committed 8448K, reserved 1056768K
  class space    used 920K, capacity 995K, committed 1024K, reserved 1048576K
}

